<?xml version="1.0" encoding="UTF-8"?>
<!-- Generated by org.testng.reporters.JUnitReportReporter -->
<testsuite hostname="LAPTOP-QGJ5IKMO" failures="0" tests="1" name="com.wipro.testng.TestNG_LaunchBrowser" time="4.382" errors="0" timestamp="2025-08-23T10:57:05 IST" skipped="0">
  <testcase classname="com.wipro.testng.TestNG_LaunchBrowser" name="testlaunch" time="4.382"/>
</testsuite> <!-- com.wipro.testng.TestNG_LaunchBrowser -->
