<?xml version="1.0" encoding="UTF-8"?>
<!-- Generated by org.testng.reporters.JUnitReportReporter -->
<testsuite hostname="LAPTOP-QGJ5IKMO" failures="0" tests="4" name="com.wipro.testng.TestNG_Groups" time="0.012" errors="0" timestamp="2025-08-23T10:56:10 IST" skipped="0">
  <testcase classname="com.wipro.testng.TestNG_Groups" name="testcase1" time="0.009"/>
  <testcase classname="com.wipro.testng.TestNG_Groups" name="testcase3" time="0.001"/>
  <testcase classname="com.wipro.testng.TestNG_Groups" name="testcase2" time="0.001"/>
  <testcase classname="com.wipro.testng.TestNG_Groups" name="testcase4" time="0.001"/>
</testsuite> <!-- com.wipro.testng.TestNG_Groups -->
