<?xml version="1.0" encoding="UTF-8"?>
<!-- Generated by org.testng.reporters.JUnitReportReporter -->
<testsuite hostname="LAPTOP-QGJ5IKMO" failures="0" tests="1" name="com.wipro.DataDriven.TestNG_Excel_WriteData" time="10.708" errors="0" timestamp="2025-08-20T21:51:51 IST" skipped="0">
  <testcase classname="com.wipro.DataDriven.TestNG_Excel_WriteData" name="login" time="10.708"/>
</testsuite> <!-- com.wipro.DataDriven.TestNG_Excel_WriteData -->
