<?xml version="1.0" encoding="UTF-8"?>
<!-- Generated by org.testng.reporters.JUnitReportReporter -->
<testsuite hostname="LAPTOP-QGJ5IKMO" failures="0" tests="1" name="com.wipro.testng.TestNG_ListenersTestcase" time="14.381" errors="0" timestamp="2025-08-20T17:19:02 IST" skipped="0">
  <testcase classname="com.wipro.testng.TestNG_ListenersTestcase" name="testlogin" time="14.381"/>
</testsuite> <!-- com.wipro.testng.TestNG_ListenersTestcase -->
