<?xml version="1.0" encoding="UTF-8"?>
<testsuite xmlns:xsi="http://www.w3.org/2001/XMLSchema-instance" xsi:noNamespaceSchemaLocation="https://maven.apache.org/surefire/maven-surefire-plugin/xsd/surefire-test-report.xsd" version="3.0.1" name="TestSuite" time="39.842" tests="1" errors="0" skipped="0" failures="0">
  <properties>
    <property name="java.specification.version" value="22"/>
    <property name="webdriver.chrome.driver" value="C:\Users\VISHNU VARDHAN\.cache\selenium\chromedriver\win64\139.0.7258.138\chromedriver.exe"/>
    <property name="sun.cpu.isalist" value="amd64"/>
    <property name="sun.jnu.encoding" value="Cp1252"/>
    <property name="java.class.path" value="C:\Users\VISHNU VARDHAN\Wipro_TechAdemy\Java_Selinium_01\target\test-classes;C:\Users\VISHNU VARDHAN\Wipro_TechAdemy\Java_Selinium_01\target\classes;C:\Users\VISHNU VARDHAN\.m2\repository\org\seleniumhq\selenium\selenium-java\4.31.0\selenium-java-4.31.0.jar;C:\Users\VISHNU VARDHAN\.m2\repository\org\seleniumhq\selenium\selenium-api\4.31.0\selenium-api-4.31.0.jar;C:\Users\VISHNU VARDHAN\.m2\repository\org\jspecify\jspecify\1.0.0\jspecify-1.0.0.jar;C:\Users\VISHNU VARDHAN\.m2\repository\org\seleniumhq\selenium\selenium-chrome-driver\4.31.0\selenium-chrome-driver-4.31.0.jar;C:\Users\VISHNU VARDHAN\.m2\repository\com\google\auto\service\auto-service-annotations\1.1.1\auto-service-annotations-1.1.1.jar;C:\Users\VISHNU VARDHAN\.m2\repository\org\seleniumhq\selenium\selenium-chromium-driver\4.31.0\selenium-chromium-driver-4.31.0.jar;C:\Users\VISHNU VARDHAN\.m2\repository\org\seleniumhq\selenium\selenium-json\4.31.0\selenium-json-4.31.0.jar;C:\Users\VISHNU VARDHAN\.m2\repository\org\seleniumhq\selenium\selenium-manager\4.31.0\selenium-manager-4.31.0.jar;C:\Users\VISHNU VARDHAN\.m2\repository\org\seleniumhq\selenium\selenium-devtools-v133\4.31.0\selenium-devtools-v133-4.31.0.jar;C:\Users\VISHNU VARDHAN\.m2\repository\org\seleniumhq\selenium\selenium-devtools-v134\4.31.0\selenium-devtools-v134-4.31.0.jar;C:\Users\VISHNU VARDHAN\.m2\repository\org\seleniumhq\selenium\selenium-devtools-v135\4.31.0\selenium-devtools-v135-4.31.0.jar;C:\Users\VISHNU VARDHAN\.m2\repository\org\seleniumhq\selenium\selenium-edge-driver\4.31.0\selenium-edge-driver-4.31.0.jar;C:\Users\VISHNU VARDHAN\.m2\repository\org\seleniumhq\selenium\selenium-firefox-driver\4.31.0\selenium-firefox-driver-4.31.0.jar;C:\Users\VISHNU VARDHAN\.m2\repository\org\seleniumhq\selenium\selenium-http\4.31.0\selenium-http-4.31.0.jar;C:\Users\VISHNU VARDHAN\.m2\repository\org\seleniumhq\selenium\selenium-ie-driver\4.31.0\selenium-ie-driver-4.31.0.jar;C:\Users\VISHNU VARDHAN\.m2\repository\org\seleniumhq\selenium\selenium-remote-driver\4.31.0\selenium-remote-driver-4.31.0.jar;C:\Users\VISHNU VARDHAN\.m2\repository\com\google\guava\guava\33.4.6-jre\guava-33.4.6-jre.jar;C:\Users\VISHNU VARDHAN\.m2\repository\com\google\guava\failureaccess\1.0.3\failureaccess-1.0.3.jar;C:\Users\VISHNU VARDHAN\.m2\repository\com\google\guava\listenablefuture\9999.0-empty-to-avoid-conflict-with-guava\listenablefuture-9999.0-empty-to-avoid-conflict-with-guava.jar;C:\Users\VISHNU VARDHAN\.m2\repository\com\google\j2objc\j2objc-annotations\3.0.0\j2objc-annotations-3.0.0.jar;C:\Users\VISHNU VARDHAN\.m2\repository\io\opentelemetry\opentelemetry-api\1.48.0\opentelemetry-api-1.48.0.jar;C:\Users\VISHNU VARDHAN\.m2\repository\io\opentelemetry\opentelemetry-context\1.48.0\opentelemetry-context-1.48.0.jar;C:\Users\VISHNU VARDHAN\.m2\repository\io\opentelemetry\opentelemetry-exporter-logging\1.48.0\opentelemetry-exporter-logging-1.48.0.jar;C:\Users\VISHNU VARDHAN\.m2\repository\io\opentelemetry\opentelemetry-sdk-common\1.48.0\opentelemetry-sdk-common-1.48.0.jar;C:\Users\VISHNU VARDHAN\.m2\repository\io\opentelemetry\opentelemetry-sdk-extension-autoconfigure-spi\1.48.0\opentelemetry-sdk-extension-autoconfigure-spi-1.48.0.jar;C:\Users\VISHNU VARDHAN\.m2\repository\io\opentelemetry\opentelemetry-sdk-extension-autoconfigure\1.48.0\opentelemetry-sdk-extension-autoconfigure-1.48.0.jar;C:\Users\VISHNU VARDHAN\.m2\repository\io\opentelemetry\opentelemetry-sdk-trace\1.48.0\opentelemetry-sdk-trace-1.48.0.jar;C:\Users\VISHNU VARDHAN\.m2\repository\io\opentelemetry\opentelemetry-sdk\1.48.0\opentelemetry-sdk-1.48.0.jar;C:\Users\VISHNU VARDHAN\.m2\repository\io\opentelemetry\opentelemetry-sdk-metrics\1.48.0\opentelemetry-sdk-metrics-1.48.0.jar;C:\Users\VISHNU VARDHAN\.m2\repository\io\opentelemetry\opentelemetry-sdk-logs\1.48.0\opentelemetry-sdk-logs-1.48.0.jar;C:\Users\VISHNU VARDHAN\.m2\repository\net\bytebuddy\byte-buddy\1.17.5\byte-buddy-1.17.5.jar;C:\Users\VISHNU VARDHAN\.m2\repository\org\seleniumhq\selenium\selenium-os\4.31.0\selenium-os-4.31.0.jar;C:\Users\VISHNU VARDHAN\.m2\repository\org\apache\commons\commons-exec\1.4.0\commons-exec-1.4.0.jar;C:\Users\VISHNU VARDHAN\.m2\repository\org\seleniumhq\selenium\selenium-safari-driver\4.31.0\selenium-safari-driver-4.31.0.jar;C:\Users\VISHNU VARDHAN\.m2\repository\org\seleniumhq\selenium\selenium-support\4.31.0\selenium-support-4.31.0.jar;C:\Users\VISHNU VARDHAN\.m2\repository\org\testng\testng\7.8.0\testng-7.8.0.jar;C:\Users\VISHNU VARDHAN\.m2\repository\org\slf4j\slf4j-api\1.7.36\slf4j-api-1.7.36.jar;C:\Users\VISHNU VARDHAN\.m2\repository\com\beust\jcommander\1.82\jcommander-1.82.jar;C:\Users\VISHNU VARDHAN\.m2\repository\org\webjars\jquery\3.6.1\jquery-3.6.1.jar;C:\Users\VISHNU VARDHAN\.m2\repository\io\github\bonigarcia\webdrivermanager\6.0.1\webdrivermanager-6.0.1.jar;C:\Users\VISHNU VARDHAN\.m2\repository\com\google\code\gson\gson\2.12.1\gson-2.12.1.jar;C:\Users\VISHNU VARDHAN\.m2\repository\com\google\errorprone\error_prone_annotations\2.36.0\error_prone_annotations-2.36.0.jar;C:\Users\VISHNU VARDHAN\.m2\repository\com\github\docker-java\docker-java\3.5.0\docker-java-3.5.0.jar;C:\Users\VISHNU VARDHAN\.m2\repository\com\github\docker-java\docker-java-core\3.5.0\docker-java-core-3.5.0.jar;C:\Users\VISHNU VARDHAN\.m2\repository\com\github\docker-java\docker-java-api\3.5.0\docker-java-api-3.5.0.jar;C:\Users\VISHNU VARDHAN\.m2\repository\com\fasterxml\jackson\core\jackson-annotations\2.18.3\jackson-annotations-2.18.3.jar;C:\Users\VISHNU VARDHAN\.m2\repository\com\fasterxml\jackson\core\jackson-databind\2.18.3\jackson-databind-2.18.3.jar;C:\Users\VISHNU VARDHAN\.m2\repository\com\fasterxml\jackson\core\jackson-core\2.18.3\jackson-core-2.18.3.jar;C:\Users\VISHNU VARDHAN\.m2\repository\org\slf4j\jcl-over-slf4j\1.7.30\jcl-over-slf4j-1.7.30.jar;C:\Users\VISHNU VARDHAN\.m2\repository\com\github\docker-java\docker-java-transport-httpclient5\3.5.0\docker-java-transport-httpclient5-3.5.0.jar;C:\Users\VISHNU VARDHAN\.m2\repository\com\github\docker-java\docker-java-transport\3.5.0\docker-java-transport-3.5.0.jar;C:\Users\VISHNU VARDHAN\.m2\repository\net\java\dev\jna\jna\5.17.0\jna-5.17.0.jar;C:\Users\VISHNU VARDHAN\.m2\repository\org\brotli\dec\0.1.2\dec-0.1.2.jar;C:\Users\VISHNU VARDHAN\.m2\repository\org\apache\commons\commons-lang3\3.17.0\commons-lang3-3.17.0.jar;C:\Users\VISHNU VARDHAN\.m2\repository\org\apache\commons\commons-compress\1.27.1\commons-compress-1.27.1.jar;C:\Users\VISHNU VARDHAN\.m2\repository\org\apache\httpcomponents\client5\httpclient5\5.4.3\httpclient5-5.4.3.jar;C:\Users\VISHNU VARDHAN\.m2\repository\org\apache\httpcomponents\core5\httpcore5\5.3.4\httpcore5-5.3.4.jar;C:\Users\VISHNU VARDHAN\.m2\repository\org\apache\httpcomponents\core5\httpcore5-h2\5.3.4\httpcore5-h2-5.3.4.jar;C:\Users\VISHNU VARDHAN\.m2\repository\org\apache\poi\poi\5.2.5\poi-5.2.5.jar;C:\Users\VISHNU VARDHAN\.m2\repository\commons-codec\commons-codec\1.16.0\commons-codec-1.16.0.jar;C:\Users\VISHNU VARDHAN\.m2\repository\org\apache\commons\commons-collections4\4.4\commons-collections4-4.4.jar;C:\Users\VISHNU VARDHAN\.m2\repository\org\apache\commons\commons-math3\3.6.1\commons-math3-3.6.1.jar;C:\Users\VISHNU VARDHAN\.m2\repository\com\zaxxer\SparseBitSet\1.3\SparseBitSet-1.3.jar;C:\Users\VISHNU VARDHAN\.m2\repository\org\apache\poi\poi-ooxml\5.2.3\poi-ooxml-5.2.3.jar;C:\Users\VISHNU VARDHAN\.m2\repository\org\apache\poi\poi-ooxml-lite\5.2.3\poi-ooxml-lite-5.2.3.jar;C:\Users\VISHNU VARDHAN\.m2\repository\org\apache\xmlbeans\xmlbeans\5.1.1\xmlbeans-5.1.1.jar;C:\Users\VISHNU VARDHAN\.m2\repository\com\github\virtuald\curvesapi\1.07\curvesapi-1.07.jar;C:\Users\VISHNU VARDHAN\.m2\repository\org\apache\poi\poi-ooxml-schemas\4.0.1\poi-ooxml-schemas-4.0.1.jar;C:\Users\VISHNU VARDHAN\.m2\repository\commons-io\commons-io\2.16.1\commons-io-2.16.1.jar;C:\Users\VISHNU VARDHAN\.m2\repository\org\apache\logging\log4j\log4j-core\2.23.1\log4j-core-2.23.1.jar;C:\Users\VISHNU VARDHAN\.m2\repository\org\apache\logging\log4j\log4j-api\2.23.1\log4j-api-2.23.1.jar;C:\Users\VISHNU VARDHAN\.m2\repository\com\mysql\mysql-connector-j\8.0.33\mysql-connector-j-8.0.33.jar;C:\Users\VISHNU VARDHAN\.m2\repository\com\google\protobuf\protobuf-java\3.21.9\protobuf-java-3.21.9.jar;"/>
    <property name="java.vm.vendor" value="Eclipse Adoptium"/>
    <property name="sun.arch.data.model" value="64"/>
    <property name="user.variant" value=""/>
    <property name="java.vendor.url" value="https://adoptium.net/"/>
    <property name="user.timezone" value="Asia/Calcutta"/>
    <property name="os.name" value="Windows 11"/>
    <property name="java.vm.specification.version" value="22"/>
    <property name="sun.java.launcher" value="SUN_STANDARD"/>
    <property name="user.country" value="IN"/>
    <property name="sun.boot.library.path" value="C:\Users\VISHNU VARDHAN\.p2\pool\plugins\org.eclipse.justj.openjdk.hotspot.jre.full.win32.x86_64_22.0.2.v20240802-1626\jre\bin"/>
    <property name="sun.java.command" value="C:\Users\VISHNU VARDHAN\AppData\Local\Temp\surefire16756624414250352570\surefirebooter-20250823115909528_3.jar C:\Users\VISHNU VARDHAN\AppData\Local\Temp\surefire16756624414250352570 2025-08-23T11-59-07_829-jvmRun1 surefire-20250823115909528_1tmp surefire_0-20250823115909528_2tmp"/>
    <property name="jdk.debug" value="release"/>
    <property name="surefire.test.class.path" value="C:\Users\VISHNU VARDHAN\Wipro_TechAdemy\Java_Selinium_01\target\test-classes;C:\Users\VISHNU VARDHAN\Wipro_TechAdemy\Java_Selinium_01\target\classes;C:\Users\VISHNU VARDHAN\.m2\repository\org\seleniumhq\selenium\selenium-java\4.31.0\selenium-java-4.31.0.jar;C:\Users\VISHNU VARDHAN\.m2\repository\org\seleniumhq\selenium\selenium-api\4.31.0\selenium-api-4.31.0.jar;C:\Users\VISHNU VARDHAN\.m2\repository\org\jspecify\jspecify\1.0.0\jspecify-1.0.0.jar;C:\Users\VISHNU VARDHAN\.m2\repository\org\seleniumhq\selenium\selenium-chrome-driver\4.31.0\selenium-chrome-driver-4.31.0.jar;C:\Users\VISHNU VARDHAN\.m2\repository\com\google\auto\service\auto-service-annotations\1.1.1\auto-service-annotations-1.1.1.jar;C:\Users\VISHNU VARDHAN\.m2\repository\org\seleniumhq\selenium\selenium-chromium-driver\4.31.0\selenium-chromium-driver-4.31.0.jar;C:\Users\VISHNU VARDHAN\.m2\repository\org\seleniumhq\selenium\selenium-json\4.31.0\selenium-json-4.31.0.jar;C:\Users\VISHNU VARDHAN\.m2\repository\org\seleniumhq\selenium\selenium-manager\4.31.0\selenium-manager-4.31.0.jar;C:\Users\VISHNU VARDHAN\.m2\repository\org\seleniumhq\selenium\selenium-devtools-v133\4.31.0\selenium-devtools-v133-4.31.0.jar;C:\Users\VISHNU VARDHAN\.m2\repository\org\seleniumhq\selenium\selenium-devtools-v134\4.31.0\selenium-devtools-v134-4.31.0.jar;C:\Users\VISHNU VARDHAN\.m2\repository\org\seleniumhq\selenium\selenium-devtools-v135\4.31.0\selenium-devtools-v135-4.31.0.jar;C:\Users\VISHNU VARDHAN\.m2\repository\org\seleniumhq\selenium\selenium-edge-driver\4.31.0\selenium-edge-driver-4.31.0.jar;C:\Users\VISHNU VARDHAN\.m2\repository\org\seleniumhq\selenium\selenium-firefox-driver\4.31.0\selenium-firefox-driver-4.31.0.jar;C:\Users\VISHNU VARDHAN\.m2\repository\org\seleniumhq\selenium\selenium-http\4.31.0\selenium-http-4.31.0.jar;C:\Users\VISHNU VARDHAN\.m2\repository\org\seleniumhq\selenium\selenium-ie-driver\4.31.0\selenium-ie-driver-4.31.0.jar;C:\Users\VISHNU VARDHAN\.m2\repository\org\seleniumhq\selenium\selenium-remote-driver\4.31.0\selenium-remote-driver-4.31.0.jar;C:\Users\VISHNU VARDHAN\.m2\repository\com\google\guava\guava\33.4.6-jre\guava-33.4.6-jre.jar;C:\Users\VISHNU VARDHAN\.m2\repository\com\google\guava\failureaccess\1.0.3\failureaccess-1.0.3.jar;C:\Users\VISHNU VARDHAN\.m2\repository\com\google\guava\listenablefuture\9999.0-empty-to-avoid-conflict-with-guava\listenablefuture-9999.0-empty-to-avoid-conflict-with-guava.jar;C:\Users\VISHNU VARDHAN\.m2\repository\com\google\j2objc\j2objc-annotations\3.0.0\j2objc-annotations-3.0.0.jar;C:\Users\VISHNU VARDHAN\.m2\repository\io\opentelemetry\opentelemetry-api\1.48.0\opentelemetry-api-1.48.0.jar;C:\Users\VISHNU VARDHAN\.m2\repository\io\opentelemetry\opentelemetry-context\1.48.0\opentelemetry-context-1.48.0.jar;C:\Users\VISHNU VARDHAN\.m2\repository\io\opentelemetry\opentelemetry-exporter-logging\1.48.0\opentelemetry-exporter-logging-1.48.0.jar;C:\Users\VISHNU VARDHAN\.m2\repository\io\opentelemetry\opentelemetry-sdk-common\1.48.0\opentelemetry-sdk-common-1.48.0.jar;C:\Users\VISHNU VARDHAN\.m2\repository\io\opentelemetry\opentelemetry-sdk-extension-autoconfigure-spi\1.48.0\opentelemetry-sdk-extension-autoconfigure-spi-1.48.0.jar;C:\Users\VISHNU VARDHAN\.m2\repository\io\opentelemetry\opentelemetry-sdk-extension-autoconfigure\1.48.0\opentelemetry-sdk-extension-autoconfigure-1.48.0.jar;C:\Users\VISHNU VARDHAN\.m2\repository\io\opentelemetry\opentelemetry-sdk-trace\1.48.0\opentelemetry-sdk-trace-1.48.0.jar;C:\Users\VISHNU VARDHAN\.m2\repository\io\opentelemetry\opentelemetry-sdk\1.48.0\opentelemetry-sdk-1.48.0.jar;C:\Users\VISHNU VARDHAN\.m2\repository\io\opentelemetry\opentelemetry-sdk-metrics\1.48.0\opentelemetry-sdk-metrics-1.48.0.jar;C:\Users\VISHNU VARDHAN\.m2\repository\io\opentelemetry\opentelemetry-sdk-logs\1.48.0\opentelemetry-sdk-logs-1.48.0.jar;C:\Users\VISHNU VARDHAN\.m2\repository\net\bytebuddy\byte-buddy\1.17.5\byte-buddy-1.17.5.jar;C:\Users\VISHNU VARDHAN\.m2\repository\org\seleniumhq\selenium\selenium-os\4.31.0\selenium-os-4.31.0.jar;C:\Users\VISHNU VARDHAN\.m2\repository\org\apache\commons\commons-exec\1.4.0\commons-exec-1.4.0.jar;C:\Users\VISHNU VARDHAN\.m2\repository\org\seleniumhq\selenium\selenium-safari-driver\4.31.0\selenium-safari-driver-4.31.0.jar;C:\Users\VISHNU VARDHAN\.m2\repository\org\seleniumhq\selenium\selenium-support\4.31.0\selenium-support-4.31.0.jar;C:\Users\VISHNU VARDHAN\.m2\repository\org\testng\testng\7.8.0\testng-7.8.0.jar;C:\Users\VISHNU VARDHAN\.m2\repository\org\slf4j\slf4j-api\1.7.36\slf4j-api-1.7.36.jar;C:\Users\VISHNU VARDHAN\.m2\repository\com\beust\jcommander\1.82\jcommander-1.82.jar;C:\Users\VISHNU VARDHAN\.m2\repository\org\webjars\jquery\3.6.1\jquery-3.6.1.jar;C:\Users\VISHNU VARDHAN\.m2\repository\io\github\bonigarcia\webdrivermanager\6.0.1\webdrivermanager-6.0.1.jar;C:\Users\VISHNU VARDHAN\.m2\repository\com\google\code\gson\gson\2.12.1\gson-2.12.1.jar;C:\Users\VISHNU VARDHAN\.m2\repository\com\google\errorprone\error_prone_annotations\2.36.0\error_prone_annotations-2.36.0.jar;C:\Users\VISHNU VARDHAN\.m2\repository\com\github\docker-java\docker-java\3.5.0\docker-java-3.5.0.jar;C:\Users\VISHNU VARDHAN\.m2\repository\com\github\docker-java\docker-java-core\3.5.0\docker-java-core-3.5.0.jar;C:\Users\VISHNU VARDHAN\.m2\repository\com\github\docker-java\docker-java-api\3.5.0\docker-java-api-3.5.0.jar;C:\Users\VISHNU VARDHAN\.m2\repository\com\fasterxml\jackson\core\jackson-annotations\2.18.3\jackson-annotations-2.18.3.jar;C:\Users\VISHNU VARDHAN\.m2\repository\com\fasterxml\jackson\core\jackson-databind\2.18.3\jackson-databind-2.18.3.jar;C:\Users\VISHNU VARDHAN\.m2\repository\com\fasterxml\jackson\core\jackson-core\2.18.3\jackson-core-2.18.3.jar;C:\Users\VISHNU VARDHAN\.m2\repository\org\slf4j\jcl-over-slf4j\1.7.30\jcl-over-slf4j-1.7.30.jar;C:\Users\VISHNU VARDHAN\.m2\repository\com\github\docker-java\docker-java-transport-httpclient5\3.5.0\docker-java-transport-httpclient5-3.5.0.jar;C:\Users\VISHNU VARDHAN\.m2\repository\com\github\docker-java\docker-java-transport\3.5.0\docker-java-transport-3.5.0.jar;C:\Users\VISHNU VARDHAN\.m2\repository\net\java\dev\jna\jna\5.17.0\jna-5.17.0.jar;C:\Users\VISHNU VARDHAN\.m2\repository\org\brotli\dec\0.1.2\dec-0.1.2.jar;C:\Users\VISHNU VARDHAN\.m2\repository\org\apache\commons\commons-lang3\3.17.0\commons-lang3-3.17.0.jar;C:\Users\VISHNU VARDHAN\.m2\repository\org\apache\commons\commons-compress\1.27.1\commons-compress-1.27.1.jar;C:\Users\VISHNU VARDHAN\.m2\repository\org\apache\httpcomponents\client5\httpclient5\5.4.3\httpclient5-5.4.3.jar;C:\Users\VISHNU VARDHAN\.m2\repository\org\apache\httpcomponents\core5\httpcore5\5.3.4\httpcore5-5.3.4.jar;C:\Users\VISHNU VARDHAN\.m2\repository\org\apache\httpcomponents\core5\httpcore5-h2\5.3.4\httpcore5-h2-5.3.4.jar;C:\Users\VISHNU VARDHAN\.m2\repository\org\apache\poi\poi\5.2.5\poi-5.2.5.jar;C:\Users\VISHNU VARDHAN\.m2\repository\commons-codec\commons-codec\1.16.0\commons-codec-1.16.0.jar;C:\Users\VISHNU VARDHAN\.m2\repository\org\apache\commons\commons-collections4\4.4\commons-collections4-4.4.jar;C:\Users\VISHNU VARDHAN\.m2\repository\org\apache\commons\commons-math3\3.6.1\commons-math3-3.6.1.jar;C:\Users\VISHNU VARDHAN\.m2\repository\com\zaxxer\SparseBitSet\1.3\SparseBitSet-1.3.jar;C:\Users\VISHNU VARDHAN\.m2\repository\org\apache\poi\poi-ooxml\5.2.3\poi-ooxml-5.2.3.jar;C:\Users\VISHNU VARDHAN\.m2\repository\org\apache\poi\poi-ooxml-lite\5.2.3\poi-ooxml-lite-5.2.3.jar;C:\Users\VISHNU VARDHAN\.m2\repository\org\apache\xmlbeans\xmlbeans\5.1.1\xmlbeans-5.1.1.jar;C:\Users\VISHNU VARDHAN\.m2\repository\com\github\virtuald\curvesapi\1.07\curvesapi-1.07.jar;C:\Users\VISHNU VARDHAN\.m2\repository\org\apache\poi\poi-ooxml-schemas\4.0.1\poi-ooxml-schemas-4.0.1.jar;C:\Users\VISHNU VARDHAN\.m2\repository\commons-io\commons-io\2.16.1\commons-io-2.16.1.jar;C:\Users\VISHNU VARDHAN\.m2\repository\org\apache\logging\log4j\log4j-core\2.23.1\log4j-core-2.23.1.jar;C:\Users\VISHNU VARDHAN\.m2\repository\org\apache\logging\log4j\log4j-api\2.23.1\log4j-api-2.23.1.jar;C:\Users\VISHNU VARDHAN\.m2\repository\com\mysql\mysql-connector-j\8.0.33\mysql-connector-j-8.0.33.jar;C:\Users\VISHNU VARDHAN\.m2\repository\com\google\protobuf\protobuf-java\3.21.9\protobuf-java-3.21.9.jar;"/>
    <property name="sun.cpu.endian" value="little"/>
    <property name="user.home" value="C:\Users\VISHNU VARDHAN"/>
    <property name="user.language" value="en"/>
    <property name="java.specification.vendor" value="Oracle Corporation"/>
    <property name="java.version.date" value="2024-07-16"/>
    <property name="java.home" value="C:\Users\VISHNU VARDHAN\.p2\pool\plugins\org.eclipse.justj.openjdk.hotspot.jre.full.win32.x86_64_22.0.2.v20240802-1626\jre"/>
    <property name="file.separator" value="\"/>
    <property name="basedir" value="C:\Users\VISHNU VARDHAN\Wipro_TechAdemy\Java_Selinium_01"/>
    <property name="style.color" value="always"/>
    <property name="java.vm.compressedOopsMode" value="32-bit"/>
    <property name="line.separator" value="&#10;"/>
    <property name="java.vm.specification.vendor" value="Oracle Corporation"/>
    <property name="java.specification.name" value="Java Platform API Specification"/>
    <property name="surefire.real.class.path" value="C:\Users\VISHNU VARDHAN\AppData\Local\Temp\surefire16756624414250352570\surefirebooter-20250823115909528_3.jar"/>
    <property name="user.script" value=""/>
    <property name="sun.management.compiler" value="HotSpot 64-Bit Tiered Compilers"/>
    <property name="java.runtime.version" value="22.0.2+9"/>
    <property name="user.name" value="VISHNU VARDHAN"/>
    <property name="stdout.encoding" value="Cp1252"/>
    <property name="path.separator" value=";"/>
    <property name="os.version" value="10.0"/>
    <property name="java.runtime.name" value="OpenJDK Runtime Environment"/>
    <property name="file.encoding" value="UTF-8"/>
    <property name="java.vm.name" value="OpenJDK 64-Bit Server VM"/>
    <property name="java.vendor.version" value="Temurin-22.0.2+9"/>
    <property name="localRepository" value="C:\Users\VISHNU VARDHAN\.m2\repository"/>
    <property name="java.vendor.url.bug" value="https://github.com/adoptium/adoptium-support/issues"/>
    <property name="java.io.tmpdir" value="C:\Users\VISHNU~1\AppData\Local\Temp\"/>
    <property name="java.version" value="22.0.2"/>
    <property name="user.dir" value="C:\Users\VISHNU VARDHAN\Wipro_TechAdemy\Java_Selinium_01"/>
    <property name="os.arch" value="amd64"/>
    <property name="java.vm.specification.name" value="Java Virtual Machine Specification"/>
    <property name="sun.os.patch.level" value=""/>
    <property name="native.encoding" value="Cp1252"/>
    <property name="java.library.path" value="C:\Users\VISHNU VARDHAN\.p2\pool\plugins\org.eclipse.justj.openjdk.hotspot.jre.full.win32.x86_64_22.0.2.v20240802-1626\jre\bin;C:\WINDOWS\Sun\Java\bin;C:\WINDOWS\system32;C:\WINDOWS;C:/Users/VISHNU VARDHAN/.p2/pool/plugins/org.eclipse.justj.openjdk.hotspot.jre.full.win32.x86_64_22.0.2.v20240802-1626/jre/bin/server;C:/Users/VISHNU VARDHAN/.p2/pool/plugins/org.eclipse.justj.openjdk.hotspot.jre.full.win32.x86_64_22.0.2.v20240802-1626/jre/bin;C:\Program Files\Java\jdk-17\bin;C:\Users\VISHNU VARDHAN\anaconda3.3;C:\Users\VISHNU VARDHAN\anaconda3.3\Library\mingw-w64\bin;C:\Users\VISHNU VARDHAN\anaconda3.3\Library\usr\bin;C:\Users\VISHNU VARDHAN\anaconda3.3\Library\bin;C:\Users\VISHNU VARDHAN\anaconda3.3\Scripts;C:\Users\VISHNU VARDHAN\anaconda3.2;C:\Users\VISHNU VARDHAN\anaconda3.2\Library\mingw-w64\bin;C:\Users\VISHNU VARDHAN\anaconda3.2\Library\usr\bin;C:\Users\VISHNU VARDHAN\anaconda3.2\Library\bin;C:\Users\VISHNU VARDHAN\anaconda3.2\Scripts;C:\Users\VISHNU VARDHAN\anaconda3.1;C:\Users\VISHNU VARDHAN\anaconda3.1\Library\mingw-w64\bin;C:\Users\VISHNU VARDHAN\anaconda3.1\Library\usr\bin;C:\Users\VISHNU VARDHAN\anaconda3.1\Library\bin;C:\Users\VISHNU VARDHAN\anaconda3.1\Scripts;C:\Program Files\MySQL\MySQL Shell 8.0\bin\;C:\Users\VISHNU VARDHAN\AppData\Local\Programs\Microsoft VS Code\bin;C:\Program Files\Java\jdk-1.8\bin;C:\Program Files\nodejs;C:\Users\VISHNU VARDHAN\AppData\Roaming\npm;C:\apache-maven-3.9.11\bin;C:\Users\VISHNU VARDHAN\AppData\Local\Microsoft\WindowsApps;C:\Program Files\Java\jdk-17\bin;;C:\WINDOWS\System32;;."/>
    <property name="java.vm.info" value="mixed mode"/>
    <property name="stderr.encoding" value="Cp1252"/>
    <property name="java.vendor" value="Eclipse Adoptium"/>
    <property name="java.vm.version" value="22.0.2+9"/>
    <property name="sun.io.unicode.encoding" value="UnicodeLittle"/>
    <property name="java.class.version" value="66.0"/>
  </properties>
  <testcase name="addcart" classname="com.wipro.LabSession_Aug18.TestNG_AddProducts" time="39.083">
    <system-err><![CDATA[SLF4J: Failed to load class "org.slf4j.impl.StaticLoggerBinder".
SLF4J: Defaulting to no-operation (NOP) logger implementation
SLF4J: See http://www.slf4j.org/codes.html#StaticLoggerBinder for further details.
Aug 23, 2025 11:59:13 AM org.openqa.selenium.devtools.CdpVersionFinder findNearestMatch
WARNING: Unable to find an exact match for CDP version 139, returning the closest version; found: 135; Please update to a Selenium version that supports CDP version 139
]]></system-err>
  </testcase>
</testsuite>