<?xml version="1.0" encoding="UTF-8"?>
<!-- Generated by org.testng.reporters.JUnitReportReporter -->
<testsuite hostname="LAPTOP-QGJ5IKMO" failures="0" tests="1" name="com.wipro.LabSession_Aug18.TestNG_AddProducts" time="39.080" errors="0" timestamp="2025-08-23T11:59:50 IST" skipped="0">
  <testcase classname="com.wipro.LabSession_Aug18.TestNG_AddProducts" name="addcart" time="39.080"/>
</testsuite> <!-- com.wipro.LabSession_Aug18.TestNG_AddProducts -->
